<?xml version="1.0" encoding="UTF-8"?>
<!-- Generated by org.testng.reporters.JUnitXMLReporter -->
<testsuite ignored="1" hostname="DESKTOP-QI6H2EA" failures="0" tests="1" name="Test" time="9.399" errors="0" timestamp="2023-08-12T12:49:17 EDT">
  <testcase classname="rahulshettyacademy.tests.ErrorValidations" name="loginErrorValidation" time="0.919"/>
  <testcase classname="rahulshettyacademy.tests.ErrorValidations" name="productErrorValidation" time="0.0">
    <ignored/>
  </testcase> <!-- productErrorValidation -->
</testsuite> <!-- Test -->
